2025-12-08 14:49:10 - FaceMeshWorker - [32mINFO[0m - Face Mesh Worker started
2025-12-08 14:49:10 - FaceMeshWorker - [32mINFO[0m - Initializing MediaPipe Face Mesh...
2025-12-08 14:49:10 - FaceMeshWorker - [32mINFO[0m - Face Mesh initialized successfully
2025-12-08 14:49:10 - FaceMeshWorker - [32mINFO[0m - Gesture Recognizer initialized (eyebrow: True, blink: False)
2025-12-08 14:49:10 - FaceMeshWorker - [32mINFO[0m - Starting calibration (8s)...
2025-12-08 14:49:24 - FaceMeshWorker - [32mINFO[0m - Head pose calibration started
2025-12-08 14:49:24 - FaceMeshWorker - [32mINFO[0m - Calibrating head pose... Position your head neutrally
2025-12-08 14:49:25 - FaceMeshWorker - [32mINFO[0m - Calibrating head pose... Position your head neutrally
2025-12-08 14:49:25 - FaceMeshWorker - [32mINFO[0m - Calibrating head pose... Position your head neutrally
2025-12-08 14:49:26 - FaceMeshWorker - [32mINFO[0m - Calibrating head pose... Position your head neutrally
2025-12-08 14:49:26 - FaceMeshWorker - [32mINFO[0m - Calibrating head pose... Position your head neutrally
2025-12-08 14:49:27 - FaceMeshWorker - [32mINFO[0m - Calibrating head pose... Position your head neutrally
2025-12-08 14:49:27 - FaceMeshWorker - [32mINFO[0m - Calibrating head pose... Position your head neutrally
2025-12-08 14:49:27 - FaceMeshWorker - [32mINFO[0m - Calibrating head pose... Position your head neutrally
2025-12-08 14:49:27 - FaceMeshWorker - [32mINFO[0m - Calibrating head pose... Position your head neutrally
2025-12-08 14:49:27 - FaceMeshWorker - [32mINFO[0m - Calibrating head pose... Position your head neutrally
2025-12-08 14:49:27 - FaceMeshWorker - [32mINFO[0m - Calibrating head pose... Position your head neutrally
2025-12-08 14:49:27 - FaceMeshWorker - [32mINFO[0m - Calibrating head pose... Position your head neutrally
2025-12-08 14:49:27 - FaceMeshWorker - [32mINFO[0m - Calibrating head pose... Position your head neutrally
2025-12-08 14:49:27 - FaceMeshWorker - [32mINFO[0m - Calibrating head pose... Position your head neutrally
2025-12-08 14:49:28 - FaceMeshWorker - [32mINFO[0m - Calibrating head pose... Position your head neutrally
2025-12-08 14:49:28 - FaceMeshWorker - [32mINFO[0m - Calibrating head pose... Position your head neutrally
2025-12-08 14:49:29 - FaceMeshWorker - [32mINFO[0m - Calibrating head pose... Position your head neutrally
2025-12-08 14:49:30 - FaceMeshWorker - [32mINFO[0m - Calibrating head pose... Stay still
2025-12-08 14:49:30 - FaceMeshWorker - [32mINFO[0m - Calibrating head pose... Stay still
2025-12-08 14:49:31 - FaceMeshWorker - [32mINFO[0m - Calibrating head pose... Stay still
2025-12-08 14:49:31 - FaceMeshWorker - [32mINFO[0m - Calibrating head pose... Stay still
2025-12-08 14:49:31 - FaceMeshWorker - [32mINFO[0m - Calibrating head pose... Stay still
2025-12-08 14:49:31 - FaceMeshWorker - [32mINFO[0m - Calibrating head pose... Stay still
2025-12-08 14:49:31 - FaceMeshWorker - [32mINFO[0m - Calibrating head pose... Stay still
2025-12-08 14:49:31 - FaceMeshWorker - [32mINFO[0m - Calibrating head pose... Stay still
2025-12-08 14:49:31 - FaceMeshWorker - [32mINFO[0m - Calibrating head pose... Stay still
2025-12-08 14:49:31 - FaceMeshWorker - [32mINFO[0m - Calibrating head pose... Stay still
2025-12-08 14:49:32 - FaceMeshWorker - [32mINFO[0m - Calibration complete: pitch_offset=-4.0, yaw_offset=-1.0
2025-12-08 14:49:32 - FaceMeshWorker - [32mINFO[0m - Offsets set: pitch=-4.0, yaw=-1.0
2025-12-08 14:49:32 - FaceMeshWorker - [32mINFO[0m - Head pose calibration complete
2025-12-08 14:49:32 - FaceMeshWorker - [32mINFO[0m - Eyebrow calibration started
2025-12-08 14:49:32 - FaceMeshWorker - [32mINFO[0m - Calibrating eyebrow... Raise your eyebrows
2025-12-08 14:49:33 - FaceMeshWorker - [32mINFO[0m - Calibrating eyebrow... Raise your eyebrows
2025-12-08 14:49:33 - FaceMeshWorker - [32mINFO[0m - Calibrating eyebrow... Raise your eyebrows
2025-12-08 14:49:33 - FaceMeshWorker - [32mINFO[0m - Calibrating eyebrow... Raise your eyebrows
2025-12-08 14:49:33 - FaceMeshWorker - [32mINFO[0m - Calibrating eyebrow... Raise your eyebrows
2025-12-08 14:49:33 - FaceMeshWorker - [32mINFO[0m - Calibrating eyebrow... Raise your eyebrows
2025-12-08 14:49:33 - FaceMeshWorker - [32mINFO[0m - Calibrating eyebrow... Raise your eyebrows
2025-12-08 14:49:33 - FaceMeshWorker - [32mINFO[0m - Calibrating eyebrow... Raise your eyebrows
2025-12-08 14:49:34 - FaceMeshWorker - [32mINFO[0m - Calibrating eyebrow... Raise your eyebrows
2025-12-08 14:49:35 - FaceMeshWorker - [32mINFO[0m - Calibrating eyebrow... Raise your eyebrows
2025-12-08 14:49:35 - FaceMeshWorker - [32mINFO[0m - Calibrating eyebrow... Raise your eyebrows
2025-12-08 14:49:35 - FaceMeshWorker - [32mINFO[0m - Calibrating eyebrow... Lower your eyebrows
2025-12-08 14:49:36 - FaceMeshWorker - [32mINFO[0m - Calibrating eyebrow... Lower your eyebrows
2025-12-08 14:49:36 - FaceMeshWorker - [32mINFO[0m - Calibrating eyebrow... Lower your eyebrows
2025-12-08 14:49:37 - FaceMeshWorker - [32mINFO[0m - Calibrating eyebrow... Lower your eyebrows
2025-12-08 14:49:37 - FaceMeshWorker - [32mINFO[0m - Calibrating eyebrow... Lower your eyebrows
2025-12-08 14:49:37 - FaceMeshWorker - [32mINFO[0m - Calibrating eyebrow... Lower your eyebrows
2025-12-08 14:49:37 - FaceMeshWorker - [32mINFO[0m - Calibrating eyebrow... Lower your eyebrows
2025-12-08 14:49:38 - FaceMeshWorker - [32mINFO[0m - Calibration complete - Raised: 394.0, Lowered: 350.9, Threshold: 381.0
2025-12-08 14:49:38 - FaceMeshWorker - [32mINFO[0m - Eyebrow threshold set to: 381.0
2025-12-08 14:49:38 - FaceMeshWorker - [32mINFO[0m - Eyebrow calibration complete
2025-12-08 14:56:46 - FaceMeshWorker - [32mINFO[0m - Face Mesh Worker shutting down...
2025-12-08 14:56:46 - FaceMeshWorker - [32mINFO[0m - Face Mesh Worker terminated
2025-12-08 14:58:09 - FaceMeshWorker - [32mINFO[0m - Face Mesh Worker started
2025-12-08 14:58:09 - FaceMeshWorker - [32mINFO[0m - Initializing MediaPipe Face Mesh...
2025-12-08 14:58:10 - FaceMeshWorker - [32mINFO[0m - Face Mesh initialized successfully
2025-12-08 14:58:10 - FaceMeshWorker - [32mINFO[0m - Gesture Recognizer initialized (eyebrow: True, blink: False)
2025-12-08 14:58:10 - FaceMeshWorker - [32mINFO[0m - Starting calibration (8s)...
2025-12-08 14:58:12 - FaceMeshWorker - [32mINFO[0m - Head pose calibration started
2025-12-08 14:58:12 - FaceMeshWorker - [32mINFO[0m - Calibrating head pose... Position your head neutrally
2025-12-08 14:58:14 - FaceMeshWorker - [32mINFO[0m - Calibrating head pose... Position your head neutrally
2025-12-08 14:58:14 - FaceMeshWorker - [32mINFO[0m - Calibrating head pose... Position your head neutrally
2025-12-08 14:58:14 - FaceMeshWorker - [32mINFO[0m - Calibrating head pose... Position your head neutrally
2025-12-08 14:58:14 - FaceMeshWorker - [32mINFO[0m - Calibrating head pose... Position your head neutrally
2025-12-08 14:58:14 - FaceMeshWorker - [32mINFO[0m - Calibrating head pose... Position your head neutrally
2025-12-08 14:58:14 - FaceMeshWorker - [32mINFO[0m - Calibrating head pose... Position your head neutrally
2025-12-08 14:58:14 - FaceMeshWorker - [32mINFO[0m - Calibrating head pose... Position your head neutrally
2025-12-08 14:58:14 - FaceMeshWorker - [32mINFO[0m - Calibrating head pose... Position your head neutrally
2025-12-08 14:58:14 - FaceMeshWorker - [32mINFO[0m - Calibrating head pose... Position your head neutrally
2025-12-08 14:58:14 - FaceMeshWorker - [32mINFO[0m - Calibrating head pose... Position your head neutrally
2025-12-08 14:58:16 - FaceMeshWorker - [32mINFO[0m - Calibrating head pose... Position your head neutrally
2025-12-08 14:58:16 - FaceMeshWorker - [32mINFO[0m - Calibrating head pose... Position your head neutrally
2025-12-08 14:58:16 - FaceMeshWorker - [32mINFO[0m - Calibrating head pose... Position your head neutrally
2025-12-08 14:58:16 - FaceMeshWorker - [32mINFO[0m - Calibrating head pose... Position your head neutrally
2025-12-08 14:58:16 - FaceMeshWorker - [32mINFO[0m - Calibrating head pose... Position your head neutrally
2025-12-08 14:58:16 - FaceMeshWorker - [32mINFO[0m - Calibrating head pose... Position your head neutrally
2025-12-08 14:58:16 - FaceMeshWorker - [32mINFO[0m - Calibrating head pose... Position your head neutrally
2025-12-08 14:58:16 - FaceMeshWorker - [32mINFO[0m - Calibrating head pose... Position your head neutrally
2025-12-08 14:58:16 - FaceMeshWorker - [32mINFO[0m - Calibrating head pose... Position your head neutrally
2025-12-08 14:58:18 - FaceMeshWorker - [32mINFO[0m - Calibrating head pose... Stay still
2025-12-08 14:58:18 - FaceMeshWorker - [32mINFO[0m - Calibrating head pose... Stay still
2025-12-08 14:58:18 - FaceMeshWorker - [32mINFO[0m - Calibrating head pose... Stay still
2025-12-08 14:58:18 - FaceMeshWorker - [32mINFO[0m - Calibrating head pose... Stay still
2025-12-08 14:58:18 - FaceMeshWorker - [32mINFO[0m - Calibrating head pose... Stay still
2025-12-08 14:58:18 - FaceMeshWorker - [32mINFO[0m - Calibrating head pose... Stay still
2025-12-08 14:58:18 - FaceMeshWorker - [32mINFO[0m - Calibrating head pose... Stay still
2025-12-08 14:58:18 - FaceMeshWorker - [32mINFO[0m - Calibrating head pose... Stay still
2025-12-08 14:58:18 - FaceMeshWorker - [32mINFO[0m - Calibrating head pose... Stay still
2025-12-08 14:58:20 - FaceMeshWorker - [32mINFO[0m - Calibration complete: pitch_offset=-12.0, yaw_offset=-7.0
2025-12-08 14:58:20 - FaceMeshWorker - [32mINFO[0m - Offsets set: pitch=-12.0, yaw=-7.0
2025-12-08 14:58:20 - FaceMeshWorker - [32mINFO[0m - Head pose calibration complete
2025-12-08 14:58:20 - FaceMeshWorker - [32mINFO[0m - Eyebrow calibration started
2025-12-08 14:58:20 - FaceMeshWorker - [32mINFO[0m - Calibrating eyebrow... Raise your eyebrows
2025-12-08 14:58:20 - FaceMeshWorker - [32mINFO[0m - Calibrating eyebrow... Raise your eyebrows
2025-12-08 14:58:20 - FaceMeshWorker - [32mINFO[0m - Calibrating eyebrow... Raise your eyebrows
2025-12-08 14:58:20 - FaceMeshWorker - [32mINFO[0m - Calibrating eyebrow... Raise your eyebrows
2025-12-08 14:58:20 - FaceMeshWorker - [32mINFO[0m - Calibrating eyebrow... Raise your eyebrows
2025-12-08 14:58:20 - FaceMeshWorker - [32mINFO[0m - Calibrating eyebrow... Raise your eyebrows
2025-12-08 14:58:20 - FaceMeshWorker - [32mINFO[0m - Calibrating eyebrow... Raise your eyebrows
2025-12-08 14:58:22 - FaceMeshWorker - [32mINFO[0m - Calibrating eyebrow... Raise your eyebrows
2025-12-08 14:58:22 - FaceMeshWorker - [32mINFO[0m - Calibrating eyebrow... Raise your eyebrows
2025-12-08 14:58:22 - FaceMeshWorker - [32mINFO[0m - Calibrating eyebrow... Raise your eyebrows
2025-12-08 14:58:22 - FaceMeshWorker - [32mINFO[0m - Calibrating eyebrow... Raise your eyebrows
2025-12-08 14:58:22 - FaceMeshWorker - [32mINFO[0m - Calibrating eyebrow... Raise your eyebrows
2025-12-08 14:58:22 - FaceMeshWorker - [32mINFO[0m - Calibrating eyebrow... Raise your eyebrows
2025-12-08 14:58:22 - FaceMeshWorker - [32mINFO[0m - Calibrating eyebrow... Raise your eyebrows
2025-12-08 14:58:22 - FaceMeshWorker - [32mINFO[0m - Calibrating eyebrow... Raise your eyebrows
2025-12-08 14:58:22 - FaceMeshWorker - [32mINFO[0m - Calibrating eyebrow... Raise your eyebrows
2025-12-08 14:58:22 - FaceMeshWorker - [32mINFO[0m - Calibrating eyebrow... Raise your eyebrows
2025-12-08 14:58:24 - FaceMeshWorker - [32mINFO[0m - Calibrating eyebrow... Lower your eyebrows
2025-12-08 14:58:24 - FaceMeshWorker - [32mINFO[0m - Calibrating eyebrow... Lower your eyebrows
2025-12-08 14:58:24 - FaceMeshWorker - [32mINFO[0m - Calibrating eyebrow... Lower your eyebrows
2025-12-08 14:58:24 - FaceMeshWorker - [32mINFO[0m - Calibrating eyebrow... Lower your eyebrows
2025-12-08 14:58:24 - FaceMeshWorker - [32mINFO[0m - Calibrating eyebrow... Lower your eyebrows
2025-12-08 14:58:24 - FaceMeshWorker - [32mINFO[0m - Calibrating eyebrow... Lower your eyebrows
2025-12-08 14:58:24 - FaceMeshWorker - [32mINFO[0m - Calibrating eyebrow... Lower your eyebrows
2025-12-08 14:58:24 - FaceMeshWorker - [32mINFO[0m - Calibrating eyebrow... Lower your eyebrows
2025-12-08 14:58:26 - FaceMeshWorker - [32mINFO[0m - Calibrating eyebrow... Lower your eyebrows
2025-12-08 14:58:26 - FaceMeshWorker - [32mINFO[0m - Calibrating eyebrow... Lower your eyebrows
2025-12-08 14:58:26 - FaceMeshWorker - [33mWARNING[0m - Invalid calibration: lowered > raised, retrying...
2025-12-08 14:58:26 - FaceMeshWorker - [32mINFO[0m - Calibrating eyebrow... Raise your eyebrows
2025-12-08 14:58:26 - FaceMeshWorker - [32mINFO[0m - Calibrating eyebrow... Raise your eyebrows
2025-12-08 14:58:26 - FaceMeshWorker - [32mINFO[0m - Calibrating eyebrow... Raise your eyebrows
2025-12-08 14:58:26 - FaceMeshWorker - [32mINFO[0m - Calibrating eyebrow... Raise your eyebrows
2025-12-08 14:58:26 - FaceMeshWorker - [32mINFO[0m - Calibrating eyebrow... Raise your eyebrows
2025-12-08 14:58:28 - FaceMeshWorker - [32mINFO[0m - Calibrating eyebrow... Raise your eyebrows
2025-12-08 14:58:28 - FaceMeshWorker - [32mINFO[0m - Calibrating eyebrow... Raise your eyebrows
2025-12-08 14:58:28 - FaceMeshWorker - [32mINFO[0m - Calibrating eyebrow... Raise your eyebrows
2025-12-08 14:58:28 - FaceMeshWorker - [32mINFO[0m - Calibrating eyebrow... Raise your eyebrows
2025-12-08 14:58:28 - FaceMeshWorker - [32mINFO[0m - Calibrating eyebrow... Raise your eyebrows
2025-12-08 14:58:28 - FaceMeshWorker - [32mINFO[0m - Calibrating eyebrow... Raise your eyebrows
2025-12-08 14:58:28 - FaceMeshWorker - [32mINFO[0m - Calibrating eyebrow... Raise your eyebrows
2025-12-08 14:58:28 - FaceMeshWorker - [32mINFO[0m - Calibrating eyebrow... Raise your eyebrows
2025-12-08 14:58:28 - FaceMeshWorker - [32mINFO[0m - Calibrating eyebrow... Raise your eyebrows
2025-12-08 14:58:28 - FaceMeshWorker - [32mINFO[0m - Calibrating eyebrow... Raise your eyebrows
2025-12-08 14:58:28 - FaceMeshWorker - [32mINFO[0m - Calibrating eyebrow... Raise your eyebrows
2025-12-08 14:58:28 - FaceMeshWorker - [32mINFO[0m - Calibrating eyebrow... Raise your eyebrows
2025-12-08 14:58:30 - FaceMeshWorker - [32mINFO[0m - Calibrating eyebrow... Lower your eyebrows
2025-12-08 14:58:30 - FaceMeshWorker - [32mINFO[0m - Calibrating eyebrow... Lower your eyebrows
2025-12-08 14:58:30 - FaceMeshWorker - [32mINFO[0m - Calibrating eyebrow... Lower your eyebrows
2025-12-08 14:58:30 - FaceMeshWorker - [32mINFO[0m - Calibrating eyebrow... Lower your eyebrows
2025-12-08 14:58:30 - FaceMeshWorker - [32mINFO[0m - Calibrating eyebrow... Lower your eyebrows
2025-12-08 14:58:30 - FaceMeshWorker - [32mINFO[0m - Calibrating eyebrow... Lower your eyebrows
2025-12-08 14:58:30 - FaceMeshWorker - [32mINFO[0m - Calibrating eyebrow... Lower your eyebrows
2025-12-08 14:58:30 - FaceMeshWorker - [32mINFO[0m - Calibrating eyebrow... Lower your eyebrows
2025-12-08 14:58:30 - FaceMeshWorker - [32mINFO[0m - Calibrating eyebrow... Lower your eyebrows
2025-12-08 14:58:30 - FaceMeshWorker - [32mINFO[0m - Calibrating eyebrow... Lower your eyebrows
2025-12-08 14:58:32 - FaceMeshWorker - [32mINFO[0m - Calibrating eyebrow... Lower your eyebrows
2025-12-08 14:58:32 - FaceMeshWorker - [32mINFO[0m - Calibrating eyebrow... Lower your eyebrows
2025-12-08 14:58:32 - FaceMeshWorker - [33mWARNING[0m - Insufficient difference between raised/lowered, retrying...
2025-12-08 14:58:32 - FaceMeshWorker - [32mINFO[0m - Calibrating eyebrow... Raise your eyebrows
2025-12-08 14:58:32 - FaceMeshWorker - [32mINFO[0m - Calibrating eyebrow... Raise your eyebrows
2025-12-08 15:58:31 - FaceMeshWorker - [32mINFO[0m - Face Mesh Worker started
2025-12-08 15:58:31 - FaceMeshWorker - [32mINFO[0m - Initializing MediaPipe Face Mesh...
2025-12-08 15:58:31 - FaceMeshWorker - [32mINFO[0m - Face Mesh initialized successfully
2025-12-08 15:58:31 - FaceMeshWorker - [32mINFO[0m - Gesture Recognizer initialized (eyebrow: True, blink: False)
2025-12-08 15:58:31 - FaceMeshWorker - [32mINFO[0m - Starting calibration (8s)...
2025-12-08 15:58:42 - FaceMeshWorker - [32mINFO[0m - Head pose calibration started
2025-12-08 15:58:43 - FaceMeshWorker - [32mINFO[0m - Calibrating head pose... Position your head neutrally
2025-12-08 15:58:43 - FaceMeshWorker - [32mINFO[0m - Calibrating head pose... Position your head neutrally
2025-12-08 15:58:43 - FaceMeshWorker - [32mINFO[0m - Calibrating head pose... Position your head neutrally
2025-12-08 15:58:43 - FaceMeshWorker - [32mINFO[0m - Calibrating head pose... Position your head neutrally
2025-12-08 15:58:44 - FaceMeshWorker - [32mINFO[0m - Calibrating head pose... Position your head neutrally
2025-12-08 15:58:44 - FaceMeshWorker - [32mINFO[0m - Calibrating head pose... Position your head neutrally
2025-12-08 15:58:45 - FaceMeshWorker - [32mINFO[0m - Calibrating head pose... Position your head neutrally
2025-12-08 15:58:45 - FaceMeshWorker - [32mINFO[0m - Calibrating head pose... Position your head neutrally
2025-12-08 15:58:45 - FaceMeshWorker - [32mINFO[0m - Calibrating head pose... Position your head neutrally
2025-12-08 15:58:45 - FaceMeshWorker - [32mINFO[0m - Calibrating head pose... Position your head neutrally
2025-12-08 15:58:45 - FaceMeshWorker - [32mINFO[0m - Calibrating head pose... Position your head neutrally
2025-12-08 15:58:46 - FaceMeshWorker - [32mINFO[0m - Calibrating head pose... Position your head neutrally
2025-12-08 15:58:46 - FaceMeshWorker - [32mINFO[0m - Calibrating head pose... Position your head neutrally
2025-12-08 15:58:47 - FaceMeshWorker - [32mINFO[0m - Calibrating head pose... Position your head neutrally
2025-12-08 15:58:47 - FaceMeshWorker - [32mINFO[0m - Calibrating head pose... Position your head neutrally
2025-12-08 15:58:47 - FaceMeshWorker - [32mINFO[0m - Calibrating head pose... Position your head neutrally
2025-12-08 15:58:47 - FaceMeshWorker - [32mINFO[0m - Calibrating head pose... Stay still
2025-12-08 15:58:48 - FaceMeshWorker - [32mINFO[0m - Calibrating head pose... Stay still
2025-12-08 15:58:48 - FaceMeshWorker - [32mINFO[0m - Calibrating head pose... Stay still
2025-12-08 15:58:49 - FaceMeshWorker - [32mINFO[0m - Calibrating head pose... Stay still
2025-12-08 15:58:49 - FaceMeshWorker - [32mINFO[0m - Calibrating head pose... Stay still
2025-12-08 15:58:49 - FaceMeshWorker - [32mINFO[0m - Calibrating head pose... Stay still
2025-12-08 15:58:49 - FaceMeshWorker - [32mINFO[0m - Calibrating head pose... Stay still
2025-12-08 15:58:50 - FaceMeshWorker - [32mINFO[0m - Calibrating head pose... Stay still
2025-12-08 15:58:50 - FaceMeshWorker - [32mINFO[0m - Calibrating head pose... Stay still
2025-12-08 15:58:51 - FaceMeshWorker - [32mINFO[0m - Calibration complete: pitch_offset=-12.0, yaw_offset=-1.0
2025-12-08 15:58:51 - FaceMeshWorker - [32mINFO[0m - Offsets set: pitch=-12.0, yaw=-1.0
2025-12-08 15:58:51 - FaceMeshWorker - [32mINFO[0m - Head pose calibration complete
2025-12-08 15:58:51 - FaceMeshWorker - [32mINFO[0m - Eyebrow calibration started
2025-12-08 15:58:51 - FaceMeshWorker - [32mINFO[0m - Calibrating eyebrow... Raise your eyebrows
2025-12-08 15:58:51 - FaceMeshWorker - [32mINFO[0m - Calibrating eyebrow... Raise your eyebrows
2025-12-08 15:58:51 - FaceMeshWorker - [32mINFO[0m - Calibrating eyebrow... Raise your eyebrows
2025-12-08 15:58:52 - FaceMeshWorker - [32mINFO[0m - Calibrating eyebrow... Raise your eyebrows
2025-12-08 15:58:52 - FaceMeshWorker - [32mINFO[0m - Calibrating eyebrow... Raise your eyebrows
2025-12-08 15:58:53 - FaceMeshWorker - [32mINFO[0m - Calibrating eyebrow... Raise your eyebrows
2025-12-08 15:58:53 - FaceMeshWorker - [32mINFO[0m - Calibrating eyebrow... Raise your eyebrows
2025-12-08 15:58:53 - FaceMeshWorker - [32mINFO[0m - Calibrating eyebrow... Raise your eyebrows
2025-12-08 15:58:53 - FaceMeshWorker - [32mINFO[0m - Calibrating eyebrow... Raise your eyebrows
2025-12-08 15:58:53 - FaceMeshWorker - [32mINFO[0m - Calibrating eyebrow... Raise your eyebrows
2025-12-08 15:58:54 - FaceMeshWorker - [32mINFO[0m - Calibrating eyebrow... Raise your eyebrows
2025-12-08 15:58:54 - FaceMeshWorker - [32mINFO[0m - Calibrating eyebrow... Lower your eyebrows
2025-12-08 15:58:55 - FaceMeshWorker - [32mINFO[0m - Calibrating eyebrow... Lower your eyebrows
2025-12-08 15:59:35 - FaceMeshWorker - [32mINFO[0m - Face Mesh Worker shutting down...
2025-12-08 15:59:35 - FaceMeshWorker - [32mINFO[0m - Face Mesh Worker terminated
