2025-11-24 15:03:29 - CommunicationWorker - [32mINFO[0m - Communication Worker started
2025-11-24 15:03:29 - CommunicationWorker - [32mINFO[0m - Communication Manager initialized (baud: 115200)
2025-11-24 15:03:29 - CommunicationWorker - [32mINFO[0m - Starting Arduino communication...
2025-11-24 15:03:29 - CommunicationWorker - [32mINFO[0m - Auto-detecting Arduino port...
2025-11-24 15:03:29 - CommunicationWorker - [32mINFO[0m - Scanning 1 serial ports...
2025-11-24 15:03:33 - CommunicationWorker - [31mERROR[0m - Failed to find Arduino port
2025-11-24 15:03:33 - CommunicationWorker - [31mERROR[0m - Failed to connect to Arduino
2025-11-24 15:03:33 - CommunicationWorker - [32mINFO[0m - Communication Worker terminated
2025-11-24 15:48:56 - CommunicationWorker - [32mINFO[0m - Communication Worker started
2025-11-24 15:48:56 - CommunicationWorker - [32mINFO[0m - Communication Manager initialized (baud: 115200)
2025-11-24 15:48:56 - CommunicationWorker - [32mINFO[0m - Starting Arduino communication...
2025-11-24 15:48:56 - CommunicationWorker - [32mINFO[0m - Auto-detecting Arduino port...
2025-11-24 15:48:56 - CommunicationWorker - [32mINFO[0m - Scanning 1 serial ports...
2025-11-24 15:49:00 - CommunicationWorker - [31mERROR[0m - Failed to find Arduino port
2025-11-24 15:49:00 - CommunicationWorker - [31mERROR[0m - Failed to connect to Arduino
2025-11-24 15:49:00 - CommunicationWorker - [32mINFO[0m - Communication Worker terminated
2025-11-24 15:52:43 - CommunicationWorker - [32mINFO[0m - Communication Worker started
2025-11-24 15:52:43 - CommunicationWorker - [32mINFO[0m - Communication Manager initialized (baud: 115200)
2025-11-24 15:52:43 - CommunicationWorker - [32mINFO[0m - Starting Arduino communication...
2025-11-24 15:52:43 - CommunicationWorker - [32mINFO[0m - Auto-detecting Arduino port...
2025-11-24 15:52:43 - CommunicationWorker - [32mINFO[0m - Scanning 1 serial ports...
2025-11-24 15:52:47 - CommunicationWorker - [31mERROR[0m - Failed to find Arduino port
2025-11-24 15:52:47 - CommunicationWorker - [31mERROR[0m - Failed to connect to Arduino
2025-11-24 15:52:47 - CommunicationWorker - [32mINFO[0m - Communication Worker terminated
