2025-11-24 15:03:29 - FaceMeshWorker - [32mINFO[0m - Face Mesh Worker started
2025-11-24 15:03:29 - FaceMeshWorker - [32mINFO[0m - Initializing MediaPipe Face Mesh...
2025-11-24 15:03:29 - FaceMeshWorker - [32mINFO[0m - Face Mesh initialized successfully
2025-11-24 15:03:29 - FaceMeshWorker - [32mINFO[0m - Gesture Recognizer initialized (eyebrow: True, blink: False)
2025-11-24 15:03:29 - FaceMeshWorker - [32mINFO[0m - Starting calibration (3s)...
2025-11-24 15:03:31 - FaceMeshWorker - [32mINFO[0m - Face Mesh Worker shutting down...
2025-11-24 15:03:31 - FaceMeshWorker - [32mINFO[0m - Face Mesh Worker terminated
2025-11-24 15:48:56 - FaceMeshWorker - [32mINFO[0m - Face Mesh Worker started
2025-11-24 15:48:56 - FaceMeshWorker - [32mINFO[0m - Initializing MediaPipe Face Mesh...
2025-11-24 15:48:56 - FaceMeshWorker - [32mINFO[0m - Face Mesh initialized successfully
2025-11-24 15:48:56 - FaceMeshWorker - [32mINFO[0m - Gesture Recognizer initialized (eyebrow: True, blink: False)
2025-11-24 15:48:56 - FaceMeshWorker - [32mINFO[0m - Starting calibration (3s)...
2025-11-24 15:48:58 - FaceMeshWorker - [32mINFO[0m - Face Mesh Worker shutting down...
2025-11-24 15:48:58 - FaceMeshWorker - [32mINFO[0m - Face Mesh Worker terminated
2025-11-24 15:52:43 - FaceMeshWorker - [32mINFO[0m - Face Mesh Worker started
2025-11-24 15:52:43 - FaceMeshWorker - [32mINFO[0m - Initializing MediaPipe Face Mesh...
2025-11-24 15:52:43 - FaceMeshWorker - [32mINFO[0m - Face Mesh initialized successfully
2025-11-24 15:52:43 - FaceMeshWorker - [32mINFO[0m - Gesture Recognizer initialized (eyebrow: True, blink: False)
2025-11-24 15:52:43 - FaceMeshWorker - [32mINFO[0m - Starting calibration (3s)...
2025-11-24 15:52:45 - FaceMeshWorker - [31mERROR[0m - Error in face mesh loop: calibrate() takes 1 positional argument but 2 were given
Traceback (most recent call last):
  File "/home/pi/bitirme/Face Pose Main/face-pose-main/MARK_II/src/main.py", line 152, in face_mesh_worker
    face_mesh.calibrate(landmarks)
TypeError: calibrate() takes 1 positional argument but 2 were given
2025-11-24 15:52:45 - FaceMeshWorker - [31mERROR[0m - Error in face mesh loop: calibrate() takes 1 positional argument but 2 were given
Traceback (most recent call last):
  File "/home/pi/bitirme/Face Pose Main/face-pose-main/MARK_II/src/main.py", line 152, in face_mesh_worker
    face_mesh.calibrate(landmarks)
TypeError: calibrate() takes 1 positional argument but 2 were given
2025-11-24 15:52:46 - FaceMeshWorker - [31mERROR[0m - Error in face mesh loop: calibrate() takes 1 positional argument but 2 were given
Traceback (most recent call last):
  File "/home/pi/bitirme/Face Pose Main/face-pose-main/MARK_II/src/main.py", line 152, in face_mesh_worker
    face_mesh.calibrate(landmarks)
TypeError: calibrate() takes 1 positional argument but 2 were given
2025-11-24 15:52:46 - FaceMeshWorker - [31mERROR[0m - Error in face mesh loop: calibrate() takes 1 positional argument but 2 were given
Traceback (most recent call last):
  File "/home/pi/bitirme/Face Pose Main/face-pose-main/MARK_II/src/main.py", line 152, in face_mesh_worker
    face_mesh.calibrate(landmarks)
TypeError: calibrate() takes 1 positional argument but 2 were given
2025-11-24 15:52:46 - FaceMeshWorker - [31mERROR[0m - Error in face mesh loop: get_true_angles() takes 1 positional argument but 2 were given
Traceback (most recent call last):
  File "/home/pi/bitirme/Face Pose Main/face-pose-main/MARK_II/src/main.py", line 162, in face_mesh_worker
    yaw, pitch = face_mesh.get_true_angles(landmarks)
TypeError: get_true_angles() takes 1 positional argument but 2 were given
2025-11-24 15:52:46 - FaceMeshWorker - [31mERROR[0m - Error in face mesh loop: get_true_angles() takes 1 positional argument but 2 were given
Traceback (most recent call last):
  File "/home/pi/bitirme/Face Pose Main/face-pose-main/MARK_II/src/main.py", line 162, in face_mesh_worker
    yaw, pitch = face_mesh.get_true_angles(landmarks)
TypeError: get_true_angles() takes 1 positional argument but 2 were given
2025-11-24 15:52:46 - FaceMeshWorker - [31mERROR[0m - Error in face mesh loop: get_true_angles() takes 1 positional argument but 2 were given
Traceback (most recent call last):
  File "/home/pi/bitirme/Face Pose Main/face-pose-main/MARK_II/src/main.py", line 162, in face_mesh_worker
    yaw, pitch = face_mesh.get_true_angles(landmarks)
TypeError: get_true_angles() takes 1 positional argument but 2 were given
2025-11-24 15:52:47 - FaceMeshWorker - [31mERROR[0m - Error in face mesh loop: get_true_angles() takes 1 positional argument but 2 were given
Traceback (most recent call last):
  File "/home/pi/bitirme/Face Pose Main/face-pose-main/MARK_II/src/main.py", line 162, in face_mesh_worker
    yaw, pitch = face_mesh.get_true_angles(landmarks)
TypeError: get_true_angles() takes 1 positional argument but 2 were given
2025-11-24 15:52:47 - FaceMeshWorker - [31mERROR[0m - Error in face mesh loop: get_true_angles() takes 1 positional argument but 2 were given
Traceback (most recent call last):
  File "/home/pi/bitirme/Face Pose Main/face-pose-main/MARK_II/src/main.py", line 162, in face_mesh_worker
    yaw, pitch = face_mesh.get_true_angles(landmarks)
TypeError: get_true_angles() takes 1 positional argument but 2 were given
2025-11-24 15:52:47 - FaceMeshWorker - [31mERROR[0m - Error in face mesh loop: get_true_angles() takes 1 positional argument but 2 were given
Traceback (most recent call last):
  File "/home/pi/bitirme/Face Pose Main/face-pose-main/MARK_II/src/main.py", line 162, in face_mesh_worker
    yaw, pitch = face_mesh.get_true_angles(landmarks)
TypeError: get_true_angles() takes 1 positional argument but 2 were given
2025-11-24 15:52:47 - FaceMeshWorker - [31mERROR[0m - Error in face mesh loop: get_true_angles() takes 1 positional argument but 2 were given
Traceback (most recent call last):
  File "/home/pi/bitirme/Face Pose Main/face-pose-main/MARK_II/src/main.py", line 162, in face_mesh_worker
    yaw, pitch = face_mesh.get_true_angles(landmarks)
TypeError: get_true_angles() takes 1 positional argument but 2 were given
2025-11-24 15:52:48 - FaceMeshWorker - [31mERROR[0m - Error in face mesh loop: get_true_angles() takes 1 positional argument but 2 were given
Traceback (most recent call last):
  File "/home/pi/bitirme/Face Pose Main/face-pose-main/MARK_II/src/main.py", line 162, in face_mesh_worker
    yaw, pitch = face_mesh.get_true_angles(landmarks)
TypeError: get_true_angles() takes 1 positional argument but 2 were given
2025-11-24 15:52:48 - FaceMeshWorker - [31mERROR[0m - Error in face mesh loop: get_true_angles() takes 1 positional argument but 2 were given
Traceback (most recent call last):
  File "/home/pi/bitirme/Face Pose Main/face-pose-main/MARK_II/src/main.py", line 162, in face_mesh_worker
    yaw, pitch = face_mesh.get_true_angles(landmarks)
TypeError: get_true_angles() takes 1 positional argument but 2 were given
2025-11-24 15:52:48 - FaceMeshWorker - [31mERROR[0m - Error in face mesh loop: get_true_angles() takes 1 positional argument but 2 were given
Traceback (most recent call last):
  File "/home/pi/bitirme/Face Pose Main/face-pose-main/MARK_II/src/main.py", line 162, in face_mesh_worker
    yaw, pitch = face_mesh.get_true_angles(landmarks)
TypeError: get_true_angles() takes 1 positional argument but 2 were given
2025-11-24 15:52:48 - FaceMeshWorker - [31mERROR[0m - Error in face mesh loop: get_true_angles() takes 1 positional argument but 2 were given
Traceback (most recent call last):
  File "/home/pi/bitirme/Face Pose Main/face-pose-main/MARK_II/src/main.py", line 162, in face_mesh_worker
    yaw, pitch = face_mesh.get_true_angles(landmarks)
TypeError: get_true_angles() takes 1 positional argument but 2 were given
2025-11-24 15:52:49 - FaceMeshWorker - [31mERROR[0m - Error in face mesh loop: get_true_angles() takes 1 positional argument but 2 were given
Traceback (most recent call last):
  File "/home/pi/bitirme/Face Pose Main/face-pose-main/MARK_II/src/main.py", line 162, in face_mesh_worker
    yaw, pitch = face_mesh.get_true_angles(landmarks)
TypeError: get_true_angles() takes 1 positional argument but 2 were given
2025-11-24 15:52:49 - FaceMeshWorker - [31mERROR[0m - Error in face mesh loop: get_true_angles() takes 1 positional argument but 2 were given
Traceback (most recent call last):
  File "/home/pi/bitirme/Face Pose Main/face-pose-main/MARK_II/src/main.py", line 162, in face_mesh_worker
    yaw, pitch = face_mesh.get_true_angles(landmarks)
TypeError: get_true_angles() takes 1 positional argument but 2 were given
2025-11-24 15:52:49 - FaceMeshWorker - [31mERROR[0m - Error in face mesh loop: get_true_angles() takes 1 positional argument but 2 were given
Traceback (most recent call last):
  File "/home/pi/bitirme/Face Pose Main/face-pose-main/MARK_II/src/main.py", line 162, in face_mesh_worker
    yaw, pitch = face_mesh.get_true_angles(landmarks)
TypeError: get_true_angles() takes 1 positional argument but 2 were given
2025-11-24 15:52:49 - FaceMeshWorker - [31mERROR[0m - Error in face mesh loop: get_true_angles() takes 1 positional argument but 2 were given
Traceback (most recent call last):
  File "/home/pi/bitirme/Face Pose Main/face-pose-main/MARK_II/src/main.py", line 162, in face_mesh_worker
    yaw, pitch = face_mesh.get_true_angles(landmarks)
TypeError: get_true_angles() takes 1 positional argument but 2 were given
2025-11-24 15:52:49 - FaceMeshWorker - [31mERROR[0m - Error in face mesh loop: get_true_angles() takes 1 positional argument but 2 were given
Traceback (most recent call last):
  File "/home/pi/bitirme/Face Pose Main/face-pose-main/MARK_II/src/main.py", line 162, in face_mesh_worker
    yaw, pitch = face_mesh.get_true_angles(landmarks)
TypeError: get_true_angles() takes 1 positional argument but 2 were given
2025-11-24 15:52:50 - FaceMeshWorker - [31mERROR[0m - Error in face mesh loop: get_true_angles() takes 1 positional argument but 2 were given
Traceback (most recent call last):
  File "/home/pi/bitirme/Face Pose Main/face-pose-main/MARK_II/src/main.py", line 162, in face_mesh_worker
    yaw, pitch = face_mesh.get_true_angles(landmarks)
TypeError: get_true_angles() takes 1 positional argument but 2 were given
2025-11-24 15:52:50 - FaceMeshWorker - [31mERROR[0m - Error in face mesh loop: get_true_angles() takes 1 positional argument but 2 were given
Traceback (most recent call last):
  File "/home/pi/bitirme/Face Pose Main/face-pose-main/MARK_II/src/main.py", line 162, in face_mesh_worker
    yaw, pitch = face_mesh.get_true_angles(landmarks)
TypeError: get_true_angles() takes 1 positional argument but 2 were given
2025-11-24 15:52:50 - FaceMeshWorker - [31mERROR[0m - Error in face mesh loop: get_true_angles() takes 1 positional argument but 2 were given
Traceback (most recent call last):
  File "/home/pi/bitirme/Face Pose Main/face-pose-main/MARK_II/src/main.py", line 162, in face_mesh_worker
    yaw, pitch = face_mesh.get_true_angles(landmarks)
TypeError: get_true_angles() takes 1 positional argument but 2 were given
2025-11-24 15:52:50 - FaceMeshWorker - [31mERROR[0m - Error in face mesh loop: get_true_angles() takes 1 positional argument but 2 were given
Traceback (most recent call last):
  File "/home/pi/bitirme/Face Pose Main/face-pose-main/MARK_II/src/main.py", line 162, in face_mesh_worker
    yaw, pitch = face_mesh.get_true_angles(landmarks)
TypeError: get_true_angles() takes 1 positional argument but 2 were given
2025-11-24 15:52:50 - FaceMeshWorker - [31mERROR[0m - Error in face mesh loop: get_true_angles() takes 1 positional argument but 2 were given
Traceback (most recent call last):
  File "/home/pi/bitirme/Face Pose Main/face-pose-main/MARK_II/src/main.py", line 162, in face_mesh_worker
    yaw, pitch = face_mesh.get_true_angles(landmarks)
TypeError: get_true_angles() takes 1 positional argument but 2 were given
2025-11-24 15:52:50 - FaceMeshWorker - [31mERROR[0m - Error in face mesh loop: get_true_angles() takes 1 positional argument but 2 were given
Traceback (most recent call last):
  File "/home/pi/bitirme/Face Pose Main/face-pose-main/MARK_II/src/main.py", line 162, in face_mesh_worker
    yaw, pitch = face_mesh.get_true_angles(landmarks)
TypeError: get_true_angles() takes 1 positional argument but 2 were given
2025-11-24 15:52:51 - FaceMeshWorker - [31mERROR[0m - Error in face mesh loop: get_true_angles() takes 1 positional argument but 2 were given
Traceback (most recent call last):
  File "/home/pi/bitirme/Face Pose Main/face-pose-main/MARK_II/src/main.py", line 162, in face_mesh_worker
    yaw, pitch = face_mesh.get_true_angles(landmarks)
TypeError: get_true_angles() takes 1 positional argument but 2 were given
2025-11-24 15:52:51 - FaceMeshWorker - [31mERROR[0m - Error in face mesh loop: get_true_angles() takes 1 positional argument but 2 were given
Traceback (most recent call last):
  File "/home/pi/bitirme/Face Pose Main/face-pose-main/MARK_II/src/main.py", line 162, in face_mesh_worker
    yaw, pitch = face_mesh.get_true_angles(landmarks)
TypeError: get_true_angles() takes 1 positional argument but 2 were given
2025-11-24 15:52:51 - FaceMeshWorker - [31mERROR[0m - Error in face mesh loop: get_true_angles() takes 1 positional argument but 2 were given
Traceback (most recent call last):
  File "/home/pi/bitirme/Face Pose Main/face-pose-main/MARK_II/src/main.py", line 162, in face_mesh_worker
    yaw, pitch = face_mesh.get_true_angles(landmarks)
TypeError: get_true_angles() takes 1 positional argument but 2 were given
2025-11-24 15:52:51 - FaceMeshWorker - [31mERROR[0m - Error in face mesh loop: get_true_angles() takes 1 positional argument but 2 were given
Traceback (most recent call last):
  File "/home/pi/bitirme/Face Pose Main/face-pose-main/MARK_II/src/main.py", line 162, in face_mesh_worker
    yaw, pitch = face_mesh.get_true_angles(landmarks)
TypeError: get_true_angles() takes 1 positional argument but 2 were given
2025-11-24 15:52:52 - FaceMeshWorker - [31mERROR[0m - Error in face mesh loop: get_true_angles() takes 1 positional argument but 2 were given
Traceback (most recent call last):
  File "/home/pi/bitirme/Face Pose Main/face-pose-main/MARK_II/src/main.py", line 162, in face_mesh_worker
    yaw, pitch = face_mesh.get_true_angles(landmarks)
TypeError: get_true_angles() takes 1 positional argument but 2 were given
2025-11-24 15:52:52 - FaceMeshWorker - [31mERROR[0m - Error in face mesh loop: get_true_angles() takes 1 positional argument but 2 were given
Traceback (most recent call last):
  File "/home/pi/bitirme/Face Pose Main/face-pose-main/MARK_II/src/main.py", line 162, in face_mesh_worker
    yaw, pitch = face_mesh.get_true_angles(landmarks)
TypeError: get_true_angles() takes 1 positional argument but 2 were given
2025-11-24 15:52:52 - FaceMeshWorker - [31mERROR[0m - Error in face mesh loop: get_true_angles() takes 1 positional argument but 2 were given
Traceback (most recent call last):
  File "/home/pi/bitirme/Face Pose Main/face-pose-main/MARK_II/src/main.py", line 162, in face_mesh_worker
    yaw, pitch = face_mesh.get_true_angles(landmarks)
TypeError: get_true_angles() takes 1 positional argument but 2 were given
2025-11-24 15:52:52 - FaceMeshWorker - [31mERROR[0m - Error in face mesh loop: get_true_angles() takes 1 positional argument but 2 were given
Traceback (most recent call last):
  File "/home/pi/bitirme/Face Pose Main/face-pose-main/MARK_II/src/main.py", line 162, in face_mesh_worker
    yaw, pitch = face_mesh.get_true_angles(landmarks)
TypeError: get_true_angles() takes 1 positional argument but 2 were given
2025-11-24 15:52:52 - FaceMeshWorker - [31mERROR[0m - Error in face mesh loop: get_true_angles() takes 1 positional argument but 2 were given
Traceback (most recent call last):
  File "/home/pi/bitirme/Face Pose Main/face-pose-main/MARK_II/src/main.py", line 162, in face_mesh_worker
    yaw, pitch = face_mesh.get_true_angles(landmarks)
TypeError: get_true_angles() takes 1 positional argument but 2 were given
2025-11-24 15:52:53 - FaceMeshWorker - [31mERROR[0m - Error in face mesh loop: get_true_angles() takes 1 positional argument but 2 were given
Traceback (most recent call last):
  File "/home/pi/bitirme/Face Pose Main/face-pose-main/MARK_II/src/main.py", line 162, in face_mesh_worker
    yaw, pitch = face_mesh.get_true_angles(landmarks)
TypeError: get_true_angles() takes 1 positional argument but 2 were given
2025-11-24 15:52:53 - FaceMeshWorker - [31mERROR[0m - Error in face mesh loop: get_true_angles() takes 1 positional argument but 2 were given
Traceback (most recent call last):
  File "/home/pi/bitirme/Face Pose Main/face-pose-main/MARK_II/src/main.py", line 162, in face_mesh_worker
    yaw, pitch = face_mesh.get_true_angles(landmarks)
TypeError: get_true_angles() takes 1 positional argument but 2 were given
2025-11-24 15:52:53 - FaceMeshWorker - [31mERROR[0m - Error in face mesh loop: get_true_angles() takes 1 positional argument but 2 were given
Traceback (most recent call last):
  File "/home/pi/bitirme/Face Pose Main/face-pose-main/MARK_II/src/main.py", line 162, in face_mesh_worker
    yaw, pitch = face_mesh.get_true_angles(landmarks)
TypeError: get_true_angles() takes 1 positional argument but 2 were given
2025-11-24 15:52:53 - FaceMeshWorker - [31mERROR[0m - Error in face mesh loop: get_true_angles() takes 1 positional argument but 2 were given
Traceback (most recent call last):
  File "/home/pi/bitirme/Face Pose Main/face-pose-main/MARK_II/src/main.py", line 162, in face_mesh_worker
    yaw, pitch = face_mesh.get_true_angles(landmarks)
TypeError: get_true_angles() takes 1 positional argument but 2 were given
2025-11-24 15:52:53 - FaceMeshWorker - [31mERROR[0m - Error in face mesh loop: get_true_angles() takes 1 positional argument but 2 were given
Traceback (most recent call last):
  File "/home/pi/bitirme/Face Pose Main/face-pose-main/MARK_II/src/main.py", line 162, in face_mesh_worker
    yaw, pitch = face_mesh.get_true_angles(landmarks)
TypeError: get_true_angles() takes 1 positional argument but 2 were given
2025-11-24 15:52:54 - FaceMeshWorker - [31mERROR[0m - Error in face mesh loop: get_true_angles() takes 1 positional argument but 2 were given
Traceback (most recent call last):
  File "/home/pi/bitirme/Face Pose Main/face-pose-main/MARK_II/src/main.py", line 162, in face_mesh_worker
    yaw, pitch = face_mesh.get_true_angles(landmarks)
TypeError: get_true_angles() takes 1 positional argument but 2 were given
2025-11-24 15:52:54 - FaceMeshWorker - [31mERROR[0m - Error in face mesh loop: get_true_angles() takes 1 positional argument but 2 were given
Traceback (most recent call last):
  File "/home/pi/bitirme/Face Pose Main/face-pose-main/MARK_II/src/main.py", line 162, in face_mesh_worker
    yaw, pitch = face_mesh.get_true_angles(landmarks)
TypeError: get_true_angles() takes 1 positional argument but 2 were given
2025-11-24 15:52:54 - FaceMeshWorker - [31mERROR[0m - Error in face mesh loop: get_true_angles() takes 1 positional argument but 2 were given
Traceback (most recent call last):
  File "/home/pi/bitirme/Face Pose Main/face-pose-main/MARK_II/src/main.py", line 162, in face_mesh_worker
    yaw, pitch = face_mesh.get_true_angles(landmarks)
TypeError: get_true_angles() takes 1 positional argument but 2 were given
2025-11-24 15:52:54 - FaceMeshWorker - [31mERROR[0m - Error in face mesh loop: get_true_angles() takes 1 positional argument but 2 were given
Traceback (most recent call last):
  File "/home/pi/bitirme/Face Pose Main/face-pose-main/MARK_II/src/main.py", line 162, in face_mesh_worker
    yaw, pitch = face_mesh.get_true_angles(landmarks)
TypeError: get_true_angles() takes 1 positional argument but 2 were given
2025-11-24 15:52:54 - FaceMeshWorker - [31mERROR[0m - Error in face mesh loop: get_true_angles() takes 1 positional argument but 2 were given
Traceback (most recent call last):
  File "/home/pi/bitirme/Face Pose Main/face-pose-main/MARK_II/src/main.py", line 162, in face_mesh_worker
    yaw, pitch = face_mesh.get_true_angles(landmarks)
TypeError: get_true_angles() takes 1 positional argument but 2 were given
2025-11-24 15:52:55 - FaceMeshWorker - [31mERROR[0m - Error in face mesh loop: get_true_angles() takes 1 positional argument but 2 were given
Traceback (most recent call last):
  File "/home/pi/bitirme/Face Pose Main/face-pose-main/MARK_II/src/main.py", line 162, in face_mesh_worker
    yaw, pitch = face_mesh.get_true_angles(landmarks)
TypeError: get_true_angles() takes 1 positional argument but 2 were given
2025-11-24 15:52:55 - FaceMeshWorker - [31mERROR[0m - Error in face mesh loop: get_true_angles() takes 1 positional argument but 2 were given
Traceback (most recent call last):
  File "/home/pi/bitirme/Face Pose Main/face-pose-main/MARK_II/src/main.py", line 162, in face_mesh_worker
    yaw, pitch = face_mesh.get_true_angles(landmarks)
TypeError: get_true_angles() takes 1 positional argument but 2 were given
2025-11-24 15:52:55 - FaceMeshWorker - [31mERROR[0m - Error in face mesh loop: get_true_angles() takes 1 positional argument but 2 were given
Traceback (most recent call last):
  File "/home/pi/bitirme/Face Pose Main/face-pose-main/MARK_II/src/main.py", line 162, in face_mesh_worker
    yaw, pitch = face_mesh.get_true_angles(landmarks)
TypeError: get_true_angles() takes 1 positional argument but 2 were given
2025-11-24 15:52:55 - FaceMeshWorker - [31mERROR[0m - Error in face mesh loop: get_true_angles() takes 1 positional argument but 2 were given
Traceback (most recent call last):
  File "/home/pi/bitirme/Face Pose Main/face-pose-main/MARK_II/src/main.py", line 162, in face_mesh_worker
    yaw, pitch = face_mesh.get_true_angles(landmarks)
TypeError: get_true_angles() takes 1 positional argument but 2 were given
2025-11-24 15:52:55 - FaceMeshWorker - [31mERROR[0m - Error in face mesh loop: get_true_angles() takes 1 positional argument but 2 were given
Traceback (most recent call last):
  File "/home/pi/bitirme/Face Pose Main/face-pose-main/MARK_II/src/main.py", line 162, in face_mesh_worker
    yaw, pitch = face_mesh.get_true_angles(landmarks)
TypeError: get_true_angles() takes 1 positional argument but 2 were given
2025-11-24 15:52:56 - FaceMeshWorker - [31mERROR[0m - Error in face mesh loop: get_true_angles() takes 1 positional argument but 2 were given
Traceback (most recent call last):
  File "/home/pi/bitirme/Face Pose Main/face-pose-main/MARK_II/src/main.py", line 162, in face_mesh_worker
    yaw, pitch = face_mesh.get_true_angles(landmarks)
TypeError: get_true_angles() takes 1 positional argument but 2 were given
2025-11-24 15:52:56 - FaceMeshWorker - [31mERROR[0m - Error in face mesh loop: get_true_angles() takes 1 positional argument but 2 were given
Traceback (most recent call last):
  File "/home/pi/bitirme/Face Pose Main/face-pose-main/MARK_II/src/main.py", line 162, in face_mesh_worker
    yaw, pitch = face_mesh.get_true_angles(landmarks)
TypeError: get_true_angles() takes 1 positional argument but 2 were given
2025-11-24 15:52:56 - FaceMeshWorker - [31mERROR[0m - Error in face mesh loop: get_true_angles() takes 1 positional argument but 2 were given
Traceback (most recent call last):
  File "/home/pi/bitirme/Face Pose Main/face-pose-main/MARK_II/src/main.py", line 162, in face_mesh_worker
    yaw, pitch = face_mesh.get_true_angles(landmarks)
TypeError: get_true_angles() takes 1 positional argument but 2 were given
2025-11-24 15:52:56 - FaceMeshWorker - [31mERROR[0m - Error in face mesh loop: get_true_angles() takes 1 positional argument but 2 were given
Traceback (most recent call last):
  File "/home/pi/bitirme/Face Pose Main/face-pose-main/MARK_II/src/main.py", line 162, in face_mesh_worker
    yaw, pitch = face_mesh.get_true_angles(landmarks)
TypeError: get_true_angles() takes 1 positional argument but 2 were given
2025-11-24 15:52:57 - FaceMeshWorker - [31mERROR[0m - Error in face mesh loop: get_true_angles() takes 1 positional argument but 2 were given
Traceback (most recent call last):
  File "/home/pi/bitirme/Face Pose Main/face-pose-main/MARK_II/src/main.py", line 162, in face_mesh_worker
    yaw, pitch = face_mesh.get_true_angles(landmarks)
TypeError: get_true_angles() takes 1 positional argument but 2 were given
2025-11-24 15:52:57 - FaceMeshWorker - [31mERROR[0m - Error in face mesh loop: get_true_angles() takes 1 positional argument but 2 were given
Traceback (most recent call last):
  File "/home/pi/bitirme/Face Pose Main/face-pose-main/MARK_II/src/main.py", line 162, in face_mesh_worker
    yaw, pitch = face_mesh.get_true_angles(landmarks)
TypeError: get_true_angles() takes 1 positional argument but 2 were given
2025-11-24 15:52:57 - FaceMeshWorker - [31mERROR[0m - Error in face mesh loop: get_true_angles() takes 1 positional argument but 2 were given
Traceback (most recent call last):
  File "/home/pi/bitirme/Face Pose Main/face-pose-main/MARK_II/src/main.py", line 162, in face_mesh_worker
    yaw, pitch = face_mesh.get_true_angles(landmarks)
TypeError: get_true_angles() takes 1 positional argument but 2 were given
2025-11-24 15:52:57 - FaceMeshWorker - [31mERROR[0m - Error in face mesh loop: get_true_angles() takes 1 positional argument but 2 were given
Traceback (most recent call last):
  File "/home/pi/bitirme/Face Pose Main/face-pose-main/MARK_II/src/main.py", line 162, in face_mesh_worker
    yaw, pitch = face_mesh.get_true_angles(landmarks)
TypeError: get_true_angles() takes 1 positional argument but 2 were given
2025-11-24 15:52:57 - FaceMeshWorker - [31mERROR[0m - Error in face mesh loop: get_true_angles() takes 1 positional argument but 2 were given
Traceback (most recent call last):
  File "/home/pi/bitirme/Face Pose Main/face-pose-main/MARK_II/src/main.py", line 162, in face_mesh_worker
    yaw, pitch = face_mesh.get_true_angles(landmarks)
TypeError: get_true_angles() takes 1 positional argument but 2 were given
2025-11-24 15:52:58 - FaceMeshWorker - [31mERROR[0m - Error in face mesh loop: get_true_angles() takes 1 positional argument but 2 were given
Traceback (most recent call last):
  File "/home/pi/bitirme/Face Pose Main/face-pose-main/MARK_II/src/main.py", line 162, in face_mesh_worker
    yaw, pitch = face_mesh.get_true_angles(landmarks)
TypeError: get_true_angles() takes 1 positional argument but 2 were given
2025-11-24 15:52:58 - FaceMeshWorker - [31mERROR[0m - Error in face mesh loop: get_true_angles() takes 1 positional argument but 2 were given
Traceback (most recent call last):
  File "/home/pi/bitirme/Face Pose Main/face-pose-main/MARK_II/src/main.py", line 162, in face_mesh_worker
    yaw, pitch = face_mesh.get_true_angles(landmarks)
TypeError: get_true_angles() takes 1 positional argument but 2 were given
2025-11-24 15:52:58 - FaceMeshWorker - [31mERROR[0m - Error in face mesh loop: get_true_angles() takes 1 positional argument but 2 were given
Traceback (most recent call last):
  File "/home/pi/bitirme/Face Pose Main/face-pose-main/MARK_II/src/main.py", line 162, in face_mesh_worker
    yaw, pitch = face_mesh.get_true_angles(landmarks)
TypeError: get_true_angles() takes 1 positional argument but 2 were given
2025-11-24 15:52:58 - FaceMeshWorker - [31mERROR[0m - Error in face mesh loop: get_true_angles() takes 1 positional argument but 2 were given
Traceback (most recent call last):
  File "/home/pi/bitirme/Face Pose Main/face-pose-main/MARK_II/src/main.py", line 162, in face_mesh_worker
    yaw, pitch = face_mesh.get_true_angles(landmarks)
TypeError: get_true_angles() takes 1 positional argument but 2 were given
2025-11-24 15:52:58 - FaceMeshWorker - [31mERROR[0m - Error in face mesh loop: get_true_angles() takes 1 positional argument but 2 were given
Traceback (most recent call last):
  File "/home/pi/bitirme/Face Pose Main/face-pose-main/MARK_II/src/main.py", line 162, in face_mesh_worker
    yaw, pitch = face_mesh.get_true_angles(landmarks)
TypeError: get_true_angles() takes 1 positional argument but 2 were given
2025-11-24 15:52:59 - FaceMeshWorker - [31mERROR[0m - Error in face mesh loop: get_true_angles() takes 1 positional argument but 2 were given
Traceback (most recent call last):
  File "/home/pi/bitirme/Face Pose Main/face-pose-main/MARK_II/src/main.py", line 162, in face_mesh_worker
    yaw, pitch = face_mesh.get_true_angles(landmarks)
TypeError: get_true_angles() takes 1 positional argument but 2 were given
2025-11-24 15:55:01 - FaceMeshWorker - [32mINFO[0m - Face Mesh Worker shutting down...
2025-11-24 15:55:01 - FaceMeshWorker - [32mINFO[0m - Face Mesh Worker terminated
